<?xml version="1.0" encoding="UTF-8"?>
<testng-results ignored="0" total="1" passed="1" failed="0" skipped="0">
  <reporter-output>
  </reporter-output>
  <suite started-at="2025-01-24T14:18:29 CST" name="Suite" finished-at="2025-01-24T14:18:38 CST" duration-ms="9099">
    <groups>
      <group name="Smoke">
        <method signature="LoginTest.validLoginTest(java.lang.String,java.lang.String)[pri:0, instance:testcases.LoginTest@183ec003]" name="validLoginTest" class="testcases.LoginTest"/>
      </group> <!-- Smoke -->
    </groups>
    <test started-at="2025-01-24T14:18:29 CST" name="Test" finished-at="2025-01-24T14:18:38 CST" duration-ms="9099">
      <class name="testcases.LoginTest">
        <test-method is-config="true" signature="setupBrowser()[pri:0, instance:testcases.LoginTest@183ec003]" started-at="2025-01-24T14:18:29 CST" name="setupBrowser" finished-at="2025-01-24T14:18:34 CST" duration-ms="4344" status="PASS">
          <reporter-output>
          </reporter-output>
        </test-method> <!-- setupBrowser -->
        <test-method signature="validLoginTest(java.lang.String,java.lang.String)[pri:0, instance:testcases.LoginTest@183ec003]" started-at="2025-01-24T14:18:34 CST" name="validLoginTest" description="This test will verify valid login scenario" data-provider="login" finished-at="2025-01-24T14:18:38 CST" duration-ms="3545" status="PASS">
          <params>
            <param index="0">
              <value>
                <![CDATA[admin@email.com]]>
              </value>
            </param>
            <param index="1">
              <value>
                <![CDATA[admin@123]]>
              </value>
            </param>
          </params>
          <reporter-output>
          </reporter-output>
        </test-method> <!-- validLoginTest -->
        <test-method is-config="true" signature="tearDown()[pri:0, instance:testcases.LoginTest@183ec003]" started-at="2025-01-24T14:18:38 CST" name="tearDown" finished-at="2025-01-24T14:18:38 CST" duration-ms="334" status="PASS">
          <reporter-output>
          </reporter-output>
        </test-method> <!-- tearDown -->
      </class> <!-- testcases.LoginTest -->
    </test> <!-- Test -->
  </suite> <!-- Suite -->
</testng-results>
